2022-11-22T16:27:44.862Z
cwd: C:\Users\AlexSmith(DHSC)\projects\prototypes\rocket-licence
package: govuk-prototype-kit@13.0.0
argv: C:\Progs\nvm\v18.12.1\node.exe C:\Users\AlexSmith(DHSC)\AppData\Local\npm-cache\_npx\ab0cb2c39bc0319f\node_modules\govuk-prototype-kit\bin\cli migrate
Started [Check migration is being applied to a pre v13 prototype]
Succeeded [Check migration is being applied to a pre v13 prototype]
2022-11-22T16:28:23.949Z
cwd: C:\Users\AlexSmith(DHSC)\projects\prototypes\rocket-licence
package: govuk-prototype-kit@13.0.0
argv: C:\Progs\nvm\v18.12.1\node.exe C:\Users\AlexSmith(DHSC)\projects\prototypes\rocket-licence\node_modules\govuk-prototype-kit\bin\cli migrate -- C:\Users\AlexSmith(DHSC)\projects\prototypes\rocket-licence
Started [Migrate config.js to config.json]
Started [Update application SCSS file]
Started [Deleted files that are no longer needed]
Started [Deleted directories that are no longer needed]
Started [Delete C:\Users\AlexSmith(DHSC)\projects\prototypes\rocket-licence\start.js]
Started [Delete C:\Users\AlexSmith(DHSC)\projects\prototypes\rocket-licence\server.js]
Started [Delete C:\Users\AlexSmith(DHSC)\projects\prototypes\rocket-licence\listen-on-port.js]
Started [Delete C:\Users\AlexSmith(DHSC)\projects\prototypes\rocket-licence\VERSION.txt]
Started [Delete C:\Users\AlexSmith(DHSC)\projects\prototypes\rocket-licence\Procfile]
Started [Remove unused directory docs]
Started [Remove unused directory lib]
Started [Remove unused directory public]
Started [Remove unused directory update]
Succeeded [Migrate config.js to config.json]
Started [Overwrite app/assets/javascripts/application.js]
Started [Overwrite app/filters.js]
Started [Overwrite app/views/layout.html]
Succeeded [Delete C:\Users\AlexSmith(DHSC)\projects\prototypes\rocket-licence\listen-on-port.js]
Succeeded [Delete C:\Users\AlexSmith(DHSC)\projects\prototypes\rocket-licence\start.js]
Succeeded [Delete C:\Users\AlexSmith(DHSC)\projects\prototypes\rocket-licence\server.js]
Succeeded [Delete C:\Users\AlexSmith(DHSC)\projects\prototypes\rocket-licence\Procfile]
Succeeded [Delete C:\Users\AlexSmith(DHSC)\projects\prototypes\rocket-licence\VERSION.txt]
Failed [Overwrite app/assets/javascripts/application.js]
Failed [Overwrite app/filters.js]
Failed [Overwrite app/views/layout.html]
Started [Delete app/assets/images/separator-2x.png]
Started [Delete app/assets/images/separator.png]
Started [Delete app/assets/images/unbranded.ico]
Started [Delete app/assets/sass/unbranded-ie8.scss]
Started [Delete app/assets/javascripts/auto-store-data.js]
Started [Delete app/assets/sass/unbranded.scss]
Started [Delete app/views/includes/breadcrumb_examples.html]
Started [Delete app/assets/sass/patterns/_contents-list.scss]
Started [Delete app/views/layout_unbranded.html]
Started [Delete app/assets/sass/patterns/_mainstream-guide.scss]
Started [Delete app/assets/sass/patterns/_pagination.scss]
Started [Delete app/assets/sass/patterns/_related-items.scss]
Started [Delete app/assets/sass/patterns/_step-by-step-header.scss]
Started [Delete app/assets/sass/patterns/_step-by-step-related.scss]
Started [Delete app/assets/javascripts/jquery-1.11.3.js]
Started [Delete app/assets/sass/patterns/_step-by-step-nav.scss]
Succeeded [Deleted files that are no longer needed]
Failed [Delete app/assets/sass/unbranded-ie8.scss]
Failed [Delete app/assets/javascripts/auto-store-data.js]
Failed [Delete app/assets/sass/unbranded.scss]
Failed [Delete app/views/includes/breadcrumb_examples.html]
Failed [Delete app/assets/sass/patterns/_step-by-step-header.scss]
Failed [Delete app/assets/sass/patterns/_step-by-step-related.scss]
Failed [Delete app/assets/javascripts/jquery-1.11.3.js]
Failed [Delete app/assets/sass/patterns/_step-by-step-nav.scss]
Started [Delete app/assets/sass/patterns/_task-list.scss]
Succeeded [Delete app/assets/images/separator.png]
Succeeded [Delete app/assets/images/separator-2x.png]
Could not found [// Add your routes here - above the module.exports line] in [C:\Users\AlexSmith(DHSC)\projects\prototypes\rocket-licence\app\routes.js, aborting
Succeeded [Delete app/assets/images/unbranded.ico]
Succeeded [Delete app/assets/sass/patterns/_related-items.scss]
Succeeded [Delete app/assets/sass/patterns/_contents-list.scss]
Succeeded [Delete app/views/layout_unbranded.html]
Could not found [// Add extra styles here, or re-organise the Sass files in whichever way makes most sense to you] in [C:\Users\AlexSmith(DHSC)\projects\prototypes\rocket-licence\app\assets\sass\application.scss, aborting
Succeeded [Delete app/assets/sass/patterns/_mainstream-guide.scss]
Succeeded [Delete app/assets/sass/patterns/_pagination.scss]
Failed [Update routes file]
Failed [Update application SCSS file]
Succeeded [Delete app/assets/sass/patterns/_task-list.scss]
Succeeded [Remove unused directory lib]
Succeeded [Remove unused directory public]
Succeeded [Remove unused directory docs]
Succeeded [Remove unused directory update]
Succeeded [Deleted directories that are no longer needed]
Started [Remove old pattern includes from application SCSS file]
Succeeded [Remove old pattern includes from application SCSS file]
Started [Remove empty directory /app/assets/sass/patterns]
Started [Remove empty directory /app/views/includes]
Started [Remove empty directory /app/assets/images]
Skipped deleting /app/assets/sass/patterns
Skipped deleting /app/views/includes
Succeeded [Remove empty directory /app/assets/images]
